{"type":"server-started","port":52720,"host":"127.0.0.1","url_host":"localhost","url":"http://localhost:52720","screen_dir":"/Users/jakobball/Documents/Projects/PlatePlan/PlatePlan/.superpowers/brainstorm/59724-1775407382/content","state_dir":"/Users/jakobball/Documents/Projects/PlatePlan/PlatePlan/.superpowers/brainstorm/59724-1775407382/state"}
{"type":"screen-added","file":"/Users/jakobball/Documents/Projects/PlatePlan/PlatePlan/.superpowers/brainstorm/59724-1775407382/content/glass-direction.html"}
{"type":"screen-updated","file":"/Users/jakobball/Documents/Projects/PlatePlan/PlatePlan/.superpowers/brainstorm/59724-1775407382/content/glass-direction.html"}
{"type":"screen-updated","file":"/Users/jakobball/Documents/Projects/PlatePlan/PlatePlan/.superpowers/brainstorm/59724-1775407382/content/glass-direction.html"}
{"type":"screen-updated","file":"/Users/jakobball/Documents/Projects/PlatePlan/PlatePlan/.superpowers/brainstorm/59724-1775407382/content/glass-direction.html"}
{"source":"user-event","type":"click","text":"DINNER\n        Pasta Carbonara\n        \n          520 kcal\n          25 Min.\n          € 3.20\n        \n      \n      \n        Bestätigen\n        Überspringen\n      \n    \n    \n      C — Vibrant Light Glass (Brand-Forward)\n      Light glass with strong green brand identity. Gradient blobs behind cards create depth. Primary actions use a green gradient. Energetic, food-app feel.","choice":"c","id":null,"timestamp":1775407530353}
{"type":"screen-added","file":"/Users/jakobball/Documents/Projects/PlatePlan/PlatePlan/.superpowers/brainstorm/59724-1775407382/content/background-system.html"}
{"type":"screen-updated","file":"/Users/jakobball/Documents/Projects/PlatePlan/PlatePlan/.superpowers/brainstorm/59724-1775407382/content/background-system.html"}
{"type":"screen-updated","file":"/Users/jakobball/Documents/Projects/PlatePlan/PlatePlan/.superpowers/brainstorm/59724-1775407382/content/background-system.html"}
{"type":"screen-added","file":"/Users/jakobball/Documents/Projects/PlatePlan/PlatePlan/.superpowers/brainstorm/59724-1775407382/content/tab-bar.html"}
{"type":"screen-updated","file":"/Users/jakobball/Documents/Projects/PlatePlan/PlatePlan/.superpowers/brainstorm/59724-1775407382/content/tab-bar.html"}
{"type":"screen-updated","file":"/Users/jakobball/Documents/Projects/PlatePlan/PlatePlan/.superpowers/brainstorm/59724-1775407382/content/tab-bar.html"}
{"type":"screen-updated","file":"/Users/jakobball/Documents/Projects/PlatePlan/PlatePlan/.superpowers/brainstorm/59724-1775407382/content/tab-bar.html"}
{"type":"screen-added","file":"/Users/jakobball/Documents/Projects/PlatePlan/PlatePlan/.superpowers/brainstorm/59724-1775407382/content/waiting-1.html"}
{"type":"screen-updated","file":"/Users/jakobball/Documents/Projects/PlatePlan/PlatePlan/.superpowers/brainstorm/59724-1775407382/content/waiting-1.html"}
{"type":"screen-updated","file":"/Users/jakobball/Documents/Projects/PlatePlan/PlatePlan/.superpowers/brainstorm/59724-1775407382/content/waiting-1.html"}
{"type":"screen-added","file":"/Users/jakobball/Documents/Projects/PlatePlan/PlatePlan/.superpowers/brainstorm/59724-1775407382/content/design-background.html"}
{"type":"screen-updated","file":"/Users/jakobball/Documents/Projects/PlatePlan/PlatePlan/.superpowers/brainstorm/59724-1775407382/content/design-background.html"}
{"type":"screen-updated","file":"/Users/jakobball/Documents/Projects/PlatePlan/PlatePlan/.superpowers/brainstorm/59724-1775407382/content/design-background.html"}
{"type":"screen-updated","file":"/Users/jakobball/Documents/Projects/PlatePlan/PlatePlan/.superpowers/brainstorm/59724-1775407382/content/design-background.html"}
{"type":"screen-added","file":"/Users/jakobball/Documents/Projects/PlatePlan/PlatePlan/.superpowers/brainstorm/59724-1775407382/content/design-background-v2.html"}
{"type":"screen-updated","file":"/Users/jakobball/Documents/Projects/PlatePlan/PlatePlan/.superpowers/brainstorm/59724-1775407382/content/design-background-v2.html"}
{"type":"screen-updated","file":"/Users/jakobball/Documents/Projects/PlatePlan/PlatePlan/.superpowers/brainstorm/59724-1775407382/content/design-background-v2.html"}
{"type":"screen-updated","file":"/Users/jakobball/Documents/Projects/PlatePlan/PlatePlan/.superpowers/brainstorm/59724-1775407382/content/design-background-v2.html"}
{"type":"screen-added","file":"/Users/jakobball/Documents/Projects/PlatePlan/PlatePlan/.superpowers/brainstorm/59724-1775407382/content/design-background-v3.html"}
{"type":"screen-updated","file":"/Users/jakobball/Documents/Projects/PlatePlan/PlatePlan/.superpowers/brainstorm/59724-1775407382/content/design-background-v3.html"}
{"type":"screen-updated","file":"/Users/jakobball/Documents/Projects/PlatePlan/PlatePlan/.superpowers/brainstorm/59724-1775407382/content/design-background-v3.html"}
{"type":"screen-updated","file":"/Users/jakobball/Documents/Projects/PlatePlan/PlatePlan/.superpowers/brainstorm/59724-1775407382/content/design-background-v3.html"}
{"type":"screen-added","file":"/Users/jakobball/Documents/Projects/PlatePlan/PlatePlan/.superpowers/brainstorm/59724-1775407382/content/design-components.html"}
{"type":"screen-updated","file":"/Users/jakobball/Documents/Projects/PlatePlan/PlatePlan/.superpowers/brainstorm/59724-1775407382/content/design-components.html"}
{"type":"screen-updated","file":"/Users/jakobball/Documents/Projects/PlatePlan/PlatePlan/.superpowers/brainstorm/59724-1775407382/content/design-components.html"}
{"type":"screen-updated","file":"/Users/jakobball/Documents/Projects/PlatePlan/PlatePlan/.superpowers/brainstorm/59724-1775407382/content/design-components.html"}
{"type":"screen-added","file":"/Users/jakobball/Documents/Projects/PlatePlan/PlatePlan/.superpowers/brainstorm/59724-1775407382/content/design-screens.html"}
{"type":"screen-updated","file":"/Users/jakobball/Documents/Projects/PlatePlan/PlatePlan/.superpowers/brainstorm/59724-1775407382/content/design-screens.html"}
{"type":"screen-updated","file":"/Users/jakobball/Documents/Projects/PlatePlan/PlatePlan/.superpowers/brainstorm/59724-1775407382/content/design-screens.html"}
{"type":"screen-updated","file":"/Users/jakobball/Documents/Projects/PlatePlan/PlatePlan/.superpowers/brainstorm/59724-1775407382/content/design-screens.html"}
{"type":"screen-added","file":"/Users/jakobball/Documents/Projects/PlatePlan/PlatePlan/.superpowers/brainstorm/59724-1775407382/content/design-impl-order.html"}
{"type":"screen-updated","file":"/Users/jakobball/Documents/Projects/PlatePlan/PlatePlan/.superpowers/brainstorm/59724-1775407382/content/design-impl-order.html"}
{"type":"screen-updated","file":"/Users/jakobball/Documents/Projects/PlatePlan/PlatePlan/.superpowers/brainstorm/59724-1775407382/content/design-impl-order.html"}
{"type":"screen-updated","file":"/Users/jakobball/Documents/Projects/PlatePlan/PlatePlan/.superpowers/brainstorm/59724-1775407382/content/design-impl-order.html"}
{"type":"server-stopped","reason":"idle timeout"}
